<?xml version="1.0" encoding="UTF-8"?>
<!-- Generated by org.testng.reporters.JUnitXMLReporter -->
<testsuite ignored="0" hostname="DESKTOP-K7P04BE" failures="1" tests="2" name="Test" time="28.002" errors="0" timestamp="2024-06-20T21:48:56 IST">
  <testcase classname="testCases.tc_AccountReg_001" name="verifyAcct_Registration" time="2.958"/>
  <testcase classname="testCases.tc_Login_002" name="verify_login" time="11.908">
    <failure type="java.lang.AssertionError" message="Login Failed expected [true] but found [false]">
      <![CDATA[java.lang.AssertionError: Login Failed expected [true] but found [false]
at testCases.tc_Login_002.verify_login(tc_Login_002.java:34)
at java.base/java.util.ArrayList.forEach(ArrayList.java:1597)
... Removed 31 stack frames]]>
    </failure>
  </testcase> <!-- verify_login -->
</testsuite> <!-- Test -->
